2026-02-11 00:33:25,873 [WindowSwitcher] [INFO] === Logger initialized, writing to: C:\dev\mytools\screeny\frontend\logs\window_switcher_20260211.log ===
2026-02-11 00:33:25,873 [WindowSwitcher] [INFO] === Starting Window Switcher ===
2026-02-11 00:33:25,874 [WindowSwitcher] [INFO] Log file: C:\dev\mytools\screeny\frontend\logs\window_switcher_20260211.log
2026-02-11 00:33:25,874 [WindowSwitcher] [INFO] Pre-warming HTTP connection (attempt 1/10)...
2026-02-11 00:33:25,883 [WindowSwitcher] [INFO] HTTP connection established
2026-02-11 00:33:25,883 [WindowSwitcher] [INFO] Fetching monitor DPI information from ScreenAssign...
2026-02-11 00:33:25,890 [WindowSwitcher] [INFO] Fetched 2 monitors with DPI info
2026-02-11 00:33:25,890 [WindowSwitcher] [DEBUG]   Monitor monitor_e936f43e: pos=(-3840,0), size=(3840x2160), dpi_scale=2.25
2026-02-11 00:33:25,890 [WindowSwitcher] [DEBUG]   Monitor monitor_7a122ffa: pos=(0,0), size=(1080x1920), dpi_scale=1.0
2026-02-11 00:33:25,890 [WindowSwitcher] [INFO] Cached 2 monitors locally
2026-02-11 00:33:25,890 [WindowSwitcher.Commands] [INFO] CommandRegistry initialized
2026-02-11 00:33:25,892 [WindowSwitcher.Commands] [INFO] Registered command: /monitors
2026-02-11 00:33:25,892 [WindowSwitcher.Commands] [INFO] Registered command: /layouts
2026-02-11 00:33:25,892 [WindowSwitcher.Commands] [INFO] Registered command: /screen-config
2026-02-11 00:33:25,892 [WindowSwitcher.Commands] [INFO] Registered command: /windows
2026-02-11 00:33:25,892 [WindowSwitcher.Commands] [INFO] Registered command: /settings
2026-02-11 00:33:25,892 [WindowSwitcher.Commands] [INFO] Built-in commands registered
2026-02-11 00:33:25,892 [WindowSwitcher] [INFO] Built-in commands registered
2026-02-11 00:33:25,915 [WindowSwitcher] [INFO] Fetched settings: {'center_mouse_on_switch': True, 'default_layout': 'dual-screen-home'}
2026-02-11 00:33:25,915 [WindowSwitcher] [INFO] Auto-activating default layout: dual-screen-home
2026-02-11 00:33:25,932 [WindowSwitcher] [ERROR] Failed to activate layout: Screen configuration doesn't match layout requirements: DISPLAY1 is horizontal, but layout needs vertical
2026-02-11 00:33:25,934 [WindowSwitcher] [WARNING] Failed to activate default layout: Screen configuration doesn't match layout requirements: DISPLAY1 is horizontal, but layout needs vertical
2026-02-11 08:55:53,969 [WindowSwitcher] [INFO] === Logger initialized, writing to: C:\dev\mytools\screeny\frontend\logs\window_switcher_20260211.log ===
2026-02-11 08:55:53,971 [WindowSwitcher] [INFO] === Starting Window Switcher ===
2026-02-11 08:55:53,971 [WindowSwitcher] [INFO] Log file: C:\dev\mytools\screeny\frontend\logs\window_switcher_20260211.log
2026-02-11 08:55:53,972 [WindowSwitcher] [INFO] Pre-warming HTTP connection (attempt 1/10)...
2026-02-11 08:55:53,984 [WindowSwitcher] [INFO] HTTP connection established
2026-02-11 08:55:53,984 [WindowSwitcher] [INFO] Fetching monitor DPI information from ScreenAssign...
2026-02-11 08:55:53,990 [WindowSwitcher] [INFO] Fetched 2 monitors with DPI info
2026-02-11 08:55:53,990 [WindowSwitcher] [DEBUG]   Monitor monitor_e936f43e: pos=(-3840,0), size=(3840x2160), dpi_scale=2.25
2026-02-11 08:55:53,992 [WindowSwitcher] [DEBUG]   Monitor monitor_7a122ffa: pos=(0,0), size=(1080x1920), dpi_scale=1.0
2026-02-11 08:55:53,992 [WindowSwitcher] [INFO] Cached 2 monitors locally
2026-02-11 08:55:53,992 [WindowSwitcher.Commands] [INFO] CommandRegistry initialized
2026-02-11 08:55:53,992 [WindowSwitcher.Commands] [INFO] Registered command: /monitors
2026-02-11 08:55:53,992 [WindowSwitcher.Commands] [INFO] Registered command: /layouts
2026-02-11 08:55:53,992 [WindowSwitcher.Commands] [INFO] Registered command: /screen-config
2026-02-11 08:55:53,992 [WindowSwitcher.Commands] [INFO] Registered command: /windows
2026-02-11 08:55:53,992 [WindowSwitcher.Commands] [INFO] Registered command: /settings
2026-02-11 08:55:53,992 [WindowSwitcher.Commands] [INFO] Built-in commands registered
2026-02-11 08:55:53,992 [WindowSwitcher] [INFO] Built-in commands registered
2026-02-11 08:55:53,996 [WindowSwitcher] [INFO] Fetched settings: {'center_mouse_on_switch': True, 'default_layout': 'dual-screen-home'}
2026-02-11 08:55:53,996 [WindowSwitcher] [INFO] Auto-activating default layout: dual-screen-home
2026-02-11 08:55:54,020 [WindowSwitcher] [ERROR] Failed to activate layout: Screen configuration doesn't match layout requirements: Need exactly 2 screen(s), but 0 connected
2026-02-11 08:55:54,021 [WindowSwitcher] [WARNING] Failed to activate default layout: Screen configuration doesn't match layout requirements: Need exactly 2 screen(s), but 0 connected
2026-02-11 17:05:17,166 [WindowSwitcher] [INFO] === Logger initialized, writing to: C:\dev\mytools\screeny\frontend\logs\window_switcher_20260211.log ===
2026-02-11 17:05:17,167 [WindowSwitcher] [INFO] === Starting Window Switcher ===
2026-02-11 17:05:17,168 [WindowSwitcher] [INFO] Log file: C:\dev\mytools\screeny\frontend\logs\window_switcher_20260211.log
2026-02-11 17:05:17,168 [WindowSwitcher] [INFO] Pre-warming HTTP connection (attempt 1/10)...
2026-02-11 17:05:17,183 [WindowSwitcher] [INFO] HTTP connection established
2026-02-11 17:05:17,183 [WindowSwitcher] [INFO] Fetching monitor DPI information from ScreenAssign...
2026-02-11 17:05:17,190 [WindowSwitcher] [INFO] Fetched 1 monitors with DPI info
2026-02-11 17:05:17,190 [WindowSwitcher] [DEBUG]   Monitor monitor_e936f43e: pos=(0,0), size=(3840x2160), dpi_scale=2.25
2026-02-11 17:05:17,190 [WindowSwitcher] [INFO] Cached 1 monitors locally
2026-02-11 17:05:17,190 [WindowSwitcher.Commands] [INFO] CommandRegistry initialized
2026-02-11 17:05:17,192 [WindowSwitcher.Commands] [INFO] Registered command: /monitors
2026-02-11 17:05:17,192 [WindowSwitcher.Commands] [INFO] Registered command: /layouts
2026-02-11 17:05:17,192 [WindowSwitcher.Commands] [INFO] Registered command: /screen-config
2026-02-11 17:05:17,192 [WindowSwitcher.Commands] [INFO] Registered command: /windows
2026-02-11 17:05:17,192 [WindowSwitcher.Commands] [INFO] Registered command: /settings
2026-02-11 17:05:17,192 [WindowSwitcher.Commands] [INFO] Built-in commands registered
2026-02-11 17:05:17,192 [WindowSwitcher] [INFO] Built-in commands registered
2026-02-11 17:05:17,199 [WindowSwitcher] [INFO] Fetched settings: {'center_mouse_on_switch': True, 'default_layout': 'dual-screen-home'}
2026-02-11 17:05:17,199 [WindowSwitcher] [INFO] Auto-activating default layout: dual-screen-home
2026-02-11 17:05:17,210 [WindowSwitcher] [ERROR] Failed to activate layout: Screen configuration doesn't match layout requirements: Need exactly 2 screen(s), but 1 connected
2026-02-11 17:05:17,210 [WindowSwitcher] [WARNING] Failed to activate default layout: Screen configuration doesn't match layout requirements: Need exactly 2 screen(s), but 1 connected
