2026-02-10 02:24:12,514 [WindowSwitcher] [INFO] === Logger initialized, writing to: C:\dev\mytools\screeny\frontend\logs\window_switcher_20260210.log ===
2026-02-10 02:24:12,514 [WindowSwitcher] [INFO] === Starting Window Switcher ===
2026-02-10 02:24:12,514 [WindowSwitcher] [INFO] Log file: C:\dev\mytools\screeny\frontend\logs\window_switcher_20260210.log
2026-02-10 02:24:12,515 [WindowSwitcher] [INFO] Pre-warming HTTP connection (attempt 1/10)...
2026-02-10 02:24:12,523 [WindowSwitcher] [INFO] HTTP connection established
2026-02-10 02:24:12,523 [WindowSwitcher] [INFO] Fetching monitor DPI information from ScreenAssign...
2026-02-10 02:24:12,543 [WindowSwitcher] [INFO] Fetched 2 monitors with DPI info
2026-02-10 02:24:12,543 [WindowSwitcher] [DEBUG]   Monitor monitor_e936f43e: pos=(-3840,0), size=(3840x2160), dpi_scale=2.25
2026-02-10 02:24:12,543 [WindowSwitcher] [DEBUG]   Monitor monitor_7a122ffa: pos=(0,0), size=(1080x1920), dpi_scale=1.0
2026-02-10 02:24:12,543 [WindowSwitcher] [INFO] Cached 2 monitors locally
2026-02-10 02:24:12,543 [WindowSwitcher.Commands] [INFO] CommandRegistry initialized
2026-02-10 02:24:12,543 [WindowSwitcher.Commands] [INFO] Registered command: /monitors
2026-02-10 02:24:12,543 [WindowSwitcher.Commands] [INFO] Registered command: /layouts
2026-02-10 02:24:12,543 [WindowSwitcher.Commands] [INFO] Registered command: /screen-config
2026-02-10 02:24:12,543 [WindowSwitcher.Commands] [INFO] Registered command: /windows
2026-02-10 02:24:12,543 [WindowSwitcher.Commands] [INFO] Registered command: /settings
2026-02-10 02:24:12,543 [WindowSwitcher.Commands] [INFO] Built-in commands registered
2026-02-10 02:24:12,545 [WindowSwitcher] [INFO] Built-in commands registered
2026-02-10 02:24:12,557 [WindowSwitcher] [INFO] Fetched settings: {'center_mouse_on_switch': True, 'default_layout': 'dual-screen-home'}
2026-02-10 02:24:12,557 [WindowSwitcher] [INFO] Auto-activating default layout: dual-screen-home
2026-02-10 02:24:13,560 [WindowSwitcher] [ERROR] Layout activate error: HTTPConnectionPool(host='127.0.0.1', port=5555): Read timed out. (read timeout=1.0)
2026-02-10 02:24:13,560 [WindowSwitcher] [WARNING] Failed to activate default layout: HTTPConnectionPool(host='127.0.0.1', port=5555): Read timed out. (read timeout=1.0)
2026-02-10 10:12:57,970 [WindowSwitcher] [INFO] === Logger initialized, writing to: C:\dev\mytools\screeny\frontend\logs\window_switcher_20260210.log ===
2026-02-10 10:12:57,972 [WindowSwitcher] [INFO] === Starting Window Switcher ===
2026-02-10 10:12:57,972 [WindowSwitcher] [INFO] Log file: C:\dev\mytools\screeny\frontend\logs\window_switcher_20260210.log
2026-02-10 10:12:57,972 [WindowSwitcher] [INFO] Pre-warming HTTP connection (attempt 1/10)...
2026-02-10 10:12:57,982 [WindowSwitcher] [INFO] HTTP connection established
2026-02-10 10:12:57,982 [WindowSwitcher] [INFO] Fetching monitor DPI information from ScreenAssign...
2026-02-10 10:12:57,988 [WindowSwitcher] [INFO] Fetched 1 monitors with DPI info
2026-02-10 10:12:57,988 [WindowSwitcher] [DEBUG]   Monitor monitor_e936f43e: pos=(0,0), size=(3840x2160), dpi_scale=2.25
2026-02-10 10:12:57,988 [WindowSwitcher] [INFO] Cached 1 monitors locally
2026-02-10 10:12:57,989 [WindowSwitcher.Commands] [INFO] CommandRegistry initialized
2026-02-10 10:12:57,989 [WindowSwitcher.Commands] [INFO] Registered command: /monitors
2026-02-10 10:12:57,989 [WindowSwitcher.Commands] [INFO] Registered command: /layouts
2026-02-10 10:12:57,989 [WindowSwitcher.Commands] [INFO] Registered command: /screen-config
2026-02-10 10:12:57,989 [WindowSwitcher.Commands] [INFO] Registered command: /windows
2026-02-10 10:12:57,990 [WindowSwitcher.Commands] [INFO] Registered command: /settings
2026-02-10 10:12:57,990 [WindowSwitcher.Commands] [INFO] Built-in commands registered
2026-02-10 10:12:57,990 [WindowSwitcher] [INFO] Built-in commands registered
2026-02-10 10:12:57,995 [WindowSwitcher] [INFO] Fetched settings: {'center_mouse_on_switch': True, 'default_layout': 'dual-screen-home'}
2026-02-10 10:12:57,995 [WindowSwitcher] [INFO] Auto-activating default layout: dual-screen-home
2026-02-10 10:12:58,005 [WindowSwitcher] [ERROR] Failed to activate layout: Screen configuration doesn't match layout requirements: Need exactly 2 screen(s), but 1 connected
2026-02-10 10:12:58,005 [WindowSwitcher] [WARNING] Failed to activate default layout: Screen configuration doesn't match layout requirements: Need exactly 2 screen(s), but 1 connected
2026-02-10 18:58:04,835 [WindowSwitcher] [INFO] === Logger initialized, writing to: C:\dev\mytools\screeny\frontend\logs\window_switcher_20260210.log ===
2026-02-10 18:58:04,836 [WindowSwitcher] [INFO] === Starting Window Switcher ===
2026-02-10 18:58:04,836 [WindowSwitcher] [INFO] Log file: C:\dev\mytools\screeny\frontend\logs\window_switcher_20260210.log
2026-02-10 18:58:04,837 [WindowSwitcher] [INFO] Pre-warming HTTP connection (attempt 1/10)...
2026-02-10 18:58:04,847 [WindowSwitcher] [INFO] HTTP connection established
2026-02-10 18:58:04,847 [WindowSwitcher] [INFO] Fetching monitor DPI information from ScreenAssign...
2026-02-10 18:58:04,857 [WindowSwitcher] [INFO] Fetched 1 monitors with DPI info
2026-02-10 18:58:04,857 [WindowSwitcher] [DEBUG]   Monitor monitor_0ec6d598: pos=(0,0), size=(1920x1080), dpi_scale=1.0
2026-02-10 18:58:04,857 [WindowSwitcher] [INFO] Cached 1 monitors locally
2026-02-10 18:58:04,859 [WindowSwitcher.Commands] [INFO] CommandRegistry initialized
2026-02-10 18:58:04,859 [WindowSwitcher.Commands] [INFO] Registered command: /monitors
2026-02-10 18:58:04,859 [WindowSwitcher.Commands] [INFO] Registered command: /layouts
2026-02-10 18:58:04,861 [WindowSwitcher.Commands] [INFO] Registered command: /screen-config
2026-02-10 18:58:04,861 [WindowSwitcher.Commands] [INFO] Registered command: /windows
2026-02-10 18:58:04,861 [WindowSwitcher.Commands] [INFO] Registered command: /settings
2026-02-10 18:58:04,861 [WindowSwitcher.Commands] [INFO] Built-in commands registered
2026-02-10 18:58:04,861 [WindowSwitcher] [INFO] Built-in commands registered
2026-02-10 18:58:04,868 [WindowSwitcher] [INFO] Fetched settings: {'center_mouse_on_switch': True, 'default_layout': 'dual-screen-home'}
2026-02-10 18:58:04,869 [WindowSwitcher] [INFO] Auto-activating default layout: dual-screen-home
2026-02-10 18:58:04,879 [WindowSwitcher] [ERROR] Failed to activate layout: Screen configuration doesn't match layout requirements: Need exactly 2 screen(s), but 1 connected
2026-02-10 18:58:04,880 [WindowSwitcher] [WARNING] Failed to activate default layout: Screen configuration doesn't match layout requirements: Need exactly 2 screen(s), but 1 connected
