2026-02-05 00:52:08,405 [WindowSwitcher] [INFO] === Logger initialized, writing to: C:\dev\mytools\screeny\frontend\logs\window_switcher_20260205.log ===
2026-02-05 00:52:08,405 [WindowSwitcher] [INFO] === Starting Window Switcher ===
2026-02-05 00:52:08,405 [WindowSwitcher] [INFO] Log file: C:\dev\mytools\screeny\frontend\logs\window_switcher_20260205.log
2026-02-05 00:52:08,405 [WindowSwitcher] [INFO] Pre-warming HTTP connection (attempt 1/10)...
2026-02-05 00:52:08,419 [WindowSwitcher] [INFO] HTTP connection established
2026-02-05 00:52:08,419 [WindowSwitcher] [INFO] Fetching monitor DPI information from ScreenAssign...
2026-02-05 00:52:08,435 [WindowSwitcher] [INFO] Fetched 2 monitors with DPI info
2026-02-05 00:52:08,435 [WindowSwitcher] [DEBUG]   Monitor monitor_7a122ffa: pos=(0,0), size=(1080x1920), dpi_scale=1.0
2026-02-05 00:52:08,435 [WindowSwitcher] [DEBUG]   Monitor monitor_0ec6d598: pos=(-1920,0), size=(1920x1080), dpi_scale=1.0
2026-02-05 00:52:08,435 [WindowSwitcher] [INFO] Cached 2 monitors locally
2026-02-05 00:52:08,435 [WindowSwitcher.Commands] [INFO] CommandRegistry initialized
2026-02-05 00:52:08,435 [WindowSwitcher.Commands] [INFO] Registered command: /monitors
2026-02-05 00:52:08,435 [WindowSwitcher.Commands] [INFO] Registered command: /layouts
2026-02-05 00:52:08,435 [WindowSwitcher.Commands] [INFO] Registered command: /screen-config
2026-02-05 00:52:08,435 [WindowSwitcher.Commands] [INFO] Registered command: /windows
2026-02-05 00:52:08,435 [WindowSwitcher.Commands] [INFO] Registered command: /settings
2026-02-05 00:52:08,435 [WindowSwitcher.Commands] [INFO] Built-in commands registered
2026-02-05 00:52:08,435 [WindowSwitcher] [INFO] Built-in commands registered
2026-02-05 00:52:08,443 [WindowSwitcher] [INFO] Fetched settings: {'center_mouse_on_switch': True, 'default_layout': 'dual-screen-home'}
2026-02-05 00:52:08,443 [WindowSwitcher] [INFO] Auto-activating default layout: dual-screen-home
2026-02-05 00:52:09,456 [WindowSwitcher] [ERROR] Layout activate error: HTTPConnectionPool(host='127.0.0.1', port=5555): Read timed out. (read timeout=1.0)
2026-02-05 00:52:09,456 [WindowSwitcher] [WARNING] Failed to activate default layout: HTTPConnectionPool(host='127.0.0.1', port=5555): Read timed out. (read timeout=1.0)
2026-02-05 00:52:12,339 [WindowSwitcher] [INFO] Using mouse position: -1407, 278
2026-02-05 00:52:12,340 [WindowSwitcher] [DEBUG] Found cached DPI for monitor: 1.0
2026-02-05 00:52:12,341 [WindowSwitcher] [INFO] POS_CALC: mouse=(-1407,278) monitor_1={pos=(-1920.0,0.0), size=(1920x1080)} window={logical=(720x420), actual=(720x420), dpi_scale=1.00} final_pos=(-1320,330)
2026-02-05 00:52:12,348 [WindowSwitcher] [INFO] Fetched from cache in 9ms (cache age: 31ms, windows: 7)
2026-02-05 00:52:12,387 [WindowSwitcher] [INFO] Window shown and positioned: calculated=(-1320,330), expected_size=(720x420)
2026-02-05 00:52:13,642 [WindowSwitcher] [INFO] Using mouse position: -1407, 278
2026-02-05 00:52:13,643 [WindowSwitcher] [DEBUG] Found cached DPI for monitor: 1.0
2026-02-05 00:52:13,644 [WindowSwitcher] [INFO] POS_CALC: mouse=(-1407,278) monitor_1={pos=(-1920.0,0.0), size=(1920x1080)} window={logical=(720x420), actual=(720x420), dpi_scale=1.00} final_pos=(-1320,330)
2026-02-05 00:52:13,658 [WindowSwitcher] [INFO] Fetched from cache in 16ms (cache age: 1343ms, windows: 7)
2026-02-05 00:52:13,686 [WindowSwitcher] [INFO] Window shown and positioned: calculated=(-1320,330), expected_size=(720x420)
2026-02-05 00:52:16,494 [WindowSwitcher] [INFO] Fetched settings: {'center_mouse_on_switch': True, 'default_layout': 'dual-screen-home'}
2026-02-05 00:52:16,510 [WindowSwitcher] [INFO] Mouse centered on monitor at (540, 960)
2026-02-05 00:52:18,659 [WindowSwitcher] [INFO] Using mouse position: 540, 960
2026-02-05 00:52:18,661 [WindowSwitcher] [DEBUG] Found cached DPI for monitor: 1.0
2026-02-05 00:52:18,661 [WindowSwitcher] [INFO] POS_CALC: mouse=(540,960) monitor_0={pos=(0.0,0.0), size=(1080x1920)} window={logical=(720x420), actual=(720x420), dpi_scale=1.00} final_pos=(180,750)
2026-02-05 00:52:18,674 [WindowSwitcher] [INFO] Fetched from cache in 15ms (cache age: 345ms, windows: 7)
2026-02-05 00:52:18,696 [WindowSwitcher] [INFO] Window shown and positioned: calculated=(180,750), expected_size=(720x420)
2026-02-05 00:52:21,375 [WindowSwitcher] [INFO] Executing command: /layouts
2026-02-05 00:52:21,376 [WindowSwitcher.Commands] [INFO] Executing /layouts command
2026-02-05 00:52:21,382 [WindowSwitcher] [INFO] Fetched 1 layouts
2026-02-05 00:52:21,396 [WindowSwitcher.Commands] [INFO] LayoutManagementView initialized with 1 layouts
2026-02-05 00:52:23,204 [WindowSwitcher] [ERROR] Layout activate error: HTTPConnectionPool(host='127.0.0.1', port=5555): Read timed out. (read timeout=1.0)
2026-02-05 00:52:50,579 [WindowSwitcher] [INFO] Using mouse position: -1487, 308
2026-02-05 00:52:50,579 [WindowSwitcher] [DEBUG] Found cached DPI for monitor: 1.0
2026-02-05 00:52:50,579 [WindowSwitcher] [INFO] POS_CALC: mouse=(-1487,308) monitor_1={pos=(-1920.0,0.0), size=(1920x1080)} window={logical=(720x420), actual=(720x420), dpi_scale=1.00} final_pos=(-1320,330)
2026-02-05 00:52:50,585 [WindowSwitcher] [INFO] Fetched from cache in 5ms (cache age: 571ms, windows: 7)
2026-02-05 00:52:50,605 [WindowSwitcher] [INFO] Window shown and positioned: calculated=(-1320,330), expected_size=(720x420)
2026-02-05 00:52:54,268 [WindowSwitcher] [INFO] Using mouse position: -1487, 308
2026-02-05 00:52:54,268 [WindowSwitcher] [DEBUG] Found cached DPI for monitor: 1.0
2026-02-05 00:52:54,268 [WindowSwitcher] [INFO] POS_CALC: mouse=(-1487,308) monitor_1={pos=(-1920.0,0.0), size=(1920x1080)} window={logical=(720x420), actual=(720x420), dpi_scale=1.00} final_pos=(-1320,330)
2026-02-05 00:52:54,291 [WindowSwitcher] [INFO] Fetched from cache in 23ms (cache age: 2275ms, windows: 7)
2026-02-05 00:52:54,294 [WindowSwitcher] [INFO] Window shown and positioned: calculated=(-1320,330), expected_size=(720x420)
2026-02-05 00:52:55,842 [WindowSwitcher] [INFO] Fetched settings: {'center_mouse_on_switch': True, 'default_layout': 'dual-screen-home'}
2026-02-05 00:52:55,843 [WindowSwitcher] [INFO] Mouse centered on monitor at (-960, 540)
2026-02-05 00:54:05,218 [WindowSwitcher] [INFO] Using mouse position: 584, 1462
2026-02-05 00:54:05,219 [WindowSwitcher] [DEBUG] Found cached DPI for monitor: 1.0
2026-02-05 00:54:05,220 [WindowSwitcher] [INFO] POS_CALC: mouse=(584,1462) monitor_0={pos=(0.0,0.0), size=(1080x1920)} window={logical=(720x420), actual=(720x420), dpi_scale=1.00} final_pos=(180,750)
2026-02-05 00:54:05,224 [WindowSwitcher] [INFO] Fetched from cache in 7ms (cache age: 1154ms, windows: 7)
2026-02-05 00:54:05,269 [WindowSwitcher] [INFO] Window shown and positioned: calculated=(180,750), expected_size=(720x420)
2026-02-05 00:55:02,678 [WindowSwitcher] [INFO] Using mouse position: -1464, 135
2026-02-05 00:55:02,680 [WindowSwitcher] [DEBUG] Found cached DPI for monitor: 1.0
2026-02-05 00:55:02,680 [WindowSwitcher] [INFO] POS_CALC: mouse=(-1464,135) monitor_1={pos=(-1920.0,0.0), size=(1920x1080)} window={logical=(720x420), actual=(720x420), dpi_scale=1.00} final_pos=(-1320,330)
2026-02-05 00:55:02,683 [WindowSwitcher] [INFO] Fetched from cache in 5ms (cache age: 99ms, windows: 7)
2026-02-05 00:55:02,739 [WindowSwitcher] [INFO] Window shown and positioned: calculated=(-1320,330), expected_size=(720x420)
2026-02-05 00:55:04,708 [WindowSwitcher] [INFO] Fetched settings: {'center_mouse_on_switch': True, 'default_layout': 'dual-screen-home'}
2026-02-05 00:55:04,709 [WindowSwitcher] [INFO] Mouse centered on monitor at (-960, 540)
2026-02-05 00:57:51,676 [WindowSwitcher] [INFO] Using mouse position: -816, 569
2026-02-05 00:57:51,678 [WindowSwitcher] [DEBUG] Found cached DPI for monitor: 1.0
2026-02-05 00:57:51,678 [WindowSwitcher] [INFO] POS_CALC: mouse=(-816,569) monitor_1={pos=(-1920.0,0.0), size=(1920x1080)} window={logical=(720x420), actual=(720x420), dpi_scale=1.00} final_pos=(-1320,330)
2026-02-05 00:57:51,686 [WindowSwitcher] [INFO] Fetched from cache in 10ms (cache age: 1782ms, windows: 7)
2026-02-05 00:57:51,719 [WindowSwitcher] [INFO] Window shown and positioned: calculated=(-1320,330), expected_size=(720x420)
2026-02-05 00:57:53,329 [WindowSwitcher] [INFO] Fetched settings: {'center_mouse_on_switch': True, 'default_layout': 'dual-screen-home'}
2026-02-05 00:57:53,330 [WindowSwitcher] [INFO] Mouse centered on monitor at (-960, 540)
2026-02-05 00:58:01,317 [WindowSwitcher] [INFO] Using mouse position: -1179, 551
2026-02-05 00:58:01,322 [WindowSwitcher] [DEBUG] Found cached DPI for monitor: 1.0
2026-02-05 00:58:01,326 [WindowSwitcher] [INFO] POS_CALC: mouse=(-1179,551) monitor_1={pos=(-1920.0,0.0), size=(1920x1080)} window={logical=(720x420), actual=(720x420), dpi_scale=1.00} final_pos=(-1320,330)
2026-02-05 00:58:01,383 [WindowSwitcher] [INFO] Window shown and positioned: calculated=(-1320,330), expected_size=(720x420)
2026-02-05 00:58:01,824 [WindowSwitcher] [WARNING] Cache API unavailable after 507ms: HTTPConnectionPool(host='127.0.0.1', port=5555): Max retries exceeded with url: /screenassign/windows-and-tabs (Caused by ConnectTimeoutError(<HTTPConnection(host='127.0.0.1', port=5555) at 0x21086be2a90>, 'Connection to 127.0.0.1 timed out. (connect timeout=0.5)'))
2026-02-05 00:58:01,825 [WindowSwitcher] [WARNING] API unavailable - cannot fetch windows without backend
2026-02-05 00:58:05,749 [WindowSwitcher] [INFO] Using mouse position: -814, 499
2026-02-05 00:58:05,751 [WindowSwitcher] [DEBUG] Found cached DPI for monitor: 1.0
2026-02-05 00:58:05,753 [WindowSwitcher] [INFO] POS_CALC: mouse=(-814,499) monitor_1={pos=(-1920.0,0.0), size=(1920x1080)} window={logical=(720x420), actual=(720x420), dpi_scale=1.00} final_pos=(-1320,330)
2026-02-05 00:58:05,780 [WindowSwitcher] [INFO] Window shown and positioned: calculated=(-1320,330), expected_size=(720x420)
2026-02-05 00:58:06,253 [WindowSwitcher] [WARNING] Cache API unavailable after 505ms: HTTPConnectionPool(host='127.0.0.1', port=5555): Max retries exceeded with url: /screenassign/windows-and-tabs (Caused by ConnectTimeoutError(<HTTPConnection(host='127.0.0.1', port=5555) at 0x21086a77290>, 'Connection to 127.0.0.1 timed out. (connect timeout=0.5)'))
2026-02-05 00:58:06,254 [WindowSwitcher] [WARNING] API unavailable - cannot fetch windows without backend
2026-02-05 00:58:08,220 [WindowSwitcher] [INFO] Executing command: /layouts
2026-02-05 00:58:08,224 [WindowSwitcher.Commands] [INFO] Executing /layouts command
2026-02-05 00:58:09,231 [WindowSwitcher] [WARNING] Failed to fetch layouts: HTTPConnectionPool(host='127.0.0.1', port=5555): Max retries exceeded with url: /screenassign/layouts (Caused by ConnectTimeoutError(<HTTPConnection(host='127.0.0.1', port=5555) at 0x21086be5290>, 'Connection to 127.0.0.1 timed out. (connect timeout=1.0)'))
2026-02-05 00:58:10,760 [WindowSwitcher] [WARNING] Failed to get active layout: HTTPConnectionPool(host='127.0.0.1', port=5555): Read timed out. (read timeout=1.0)
2026-02-05 00:58:10,761 [WindowSwitcher.Commands] [INFO] LayoutManagementView initialized with 0 layouts
2026-02-05 00:58:13,883 [WindowSwitcher] [INFO] Using mouse position: -814, 499
2026-02-05 00:58:13,885 [WindowSwitcher] [DEBUG] Found cached DPI for monitor: 1.0
2026-02-05 00:58:13,886 [WindowSwitcher] [INFO] POS_CALC: mouse=(-814,499) monitor_1={pos=(-1920.0,0.0), size=(1920x1080)} window={logical=(720x420), actual=(720x420), dpi_scale=1.00} final_pos=(-1320,330)
2026-02-05 00:58:13,890 [WindowSwitcher] [INFO] Fetched from cache in 7ms (cache age: 1198ms, windows: 7)
2026-02-05 00:58:13,921 [WindowSwitcher] [INFO] Window shown and positioned: calculated=(-1320,330), expected_size=(720x420)
2026-02-05 00:58:15,265 [WindowSwitcher] [INFO] Executing command: /layouts
2026-02-05 00:58:15,266 [WindowSwitcher.Commands] [INFO] Executing /layouts command
2026-02-05 00:58:15,275 [WindowSwitcher] [INFO] Fetched 1 layouts
2026-02-05 00:58:15,292 [WindowSwitcher.Commands] [INFO] LayoutManagementView initialized with 1 layouts
2026-02-05 00:58:17,193 [WindowSwitcher] [INFO] Layout activation result: {'layout': 'Dual Screen Home', 'message': "Layout 'Dual Screen Home' activated successfully", 'rules_applied': 8, 'success': True}
2026-02-05 00:58:17,209 [WindowSwitcher] [INFO] Fetched 1 layouts
2026-02-05 00:58:43,659 [WindowSwitcher] [INFO] Using mouse position: -1258, 428
2026-02-05 00:58:43,661 [WindowSwitcher] [DEBUG] Found cached DPI for monitor: 1.0
2026-02-05 00:58:43,661 [WindowSwitcher] [INFO] POS_CALC: mouse=(-1258,428) monitor_1={pos=(-1920.0,0.0), size=(1920x1080)} window={logical=(720x420), actual=(720x420), dpi_scale=1.00} final_pos=(-1320,330)
2026-02-05 00:58:43,677 [WindowSwitcher] [INFO] Fetched from cache in 17ms (cache age: 413ms, windows: 7)
2026-02-05 00:58:43,678 [WindowSwitcher] [INFO] Window shown and positioned: calculated=(-1320,330), expected_size=(720x420)
2026-02-05 00:58:46,521 [WindowSwitcher] [INFO] Fetched settings: {'center_mouse_on_switch': True, 'default_layout': 'dual-screen-home'}
2026-02-05 00:58:46,522 [WindowSwitcher] [INFO] Mouse centered on monitor at (-960, 540)
2026-02-05 00:59:42,651 [WindowSwitcher] [INFO] Using mouse position: -1272, 751
2026-02-05 00:59:42,653 [WindowSwitcher] [DEBUG] Found cached DPI for monitor: 1.0
2026-02-05 00:59:42,653 [WindowSwitcher] [INFO] POS_CALC: mouse=(-1272,751) monitor_1={pos=(-1920.0,0.0), size=(1920x1080)} window={logical=(720x420), actual=(720x420), dpi_scale=1.00} final_pos=(-1320,330)
2026-02-05 00:59:42,657 [WindowSwitcher] [INFO] Fetched from cache in 6ms (cache age: 888ms, windows: 7)
2026-02-05 00:59:42,684 [WindowSwitcher] [INFO] Window shown and positioned: calculated=(-1320,330), expected_size=(720x420)
2026-02-05 00:59:51,325 [WindowSwitcher] [INFO] Using mouse position: -689, 635
2026-02-05 00:59:51,327 [WindowSwitcher] [DEBUG] Found cached DPI for monitor: 1.0
2026-02-05 00:59:51,327 [WindowSwitcher] [INFO] POS_CALC: mouse=(-689,635) monitor_1={pos=(-1920.0,0.0), size=(1920x1080)} window={logical=(720x420), actual=(720x420), dpi_scale=1.00} final_pos=(-1320,330)
2026-02-05 00:59:51,333 [WindowSwitcher] [INFO] Fetched from cache in 7ms (cache age: 1435ms, windows: 7)
2026-02-05 00:59:51,364 [WindowSwitcher] [INFO] Window shown and positioned: calculated=(-1320,330), expected_size=(720x420)
2026-02-05 01:00:25,100 [WindowSwitcher] [INFO] Using mouse position: -25, 693
2026-02-05 01:00:25,100 [WindowSwitcher] [DEBUG] Found cached DPI for monitor: 1.0
2026-02-05 01:00:25,100 [WindowSwitcher] [INFO] POS_CALC: mouse=(-25,693) monitor_1={pos=(-1920.0,0.0), size=(1920x1080)} window={logical=(720x420), actual=(720x420), dpi_scale=1.00} final_pos=(-1320,330)
2026-02-05 01:00:25,115 [WindowSwitcher] [INFO] Window shown and positioned: calculated=(-1320,330), expected_size=(720x420)
2026-02-05 01:00:25,116 [WindowSwitcher] [INFO] Fetched from cache in 16ms (cache age: 1129ms, windows: 7)
2026-02-05 01:00:27,479 [WindowSwitcher] [INFO] Executing command: /layouts
2026-02-05 01:00:27,479 [WindowSwitcher.Commands] [INFO] Executing /layouts command
2026-02-05 01:00:27,486 [WindowSwitcher] [INFO] Fetched 1 layouts
2026-02-05 01:00:27,490 [WindowSwitcher.Commands] [INFO] LayoutManagementView initialized with 1 layouts
2026-02-05 01:00:29,364 [WindowSwitcher] [INFO] Layout activation result: {'layout': 'Dual Screen Home', 'message': "Layout 'Dual Screen Home' activated successfully", 'rules_applied': 8, 'success': True}
2026-02-05 01:00:29,377 [WindowSwitcher] [INFO] Fetched 1 layouts
2026-02-05 01:00:35,126 [WindowSwitcher] [INFO] Using mouse position: -25, 693
2026-02-05 01:00:35,126 [WindowSwitcher] [DEBUG] Found cached DPI for monitor: 1.0
2026-02-05 01:00:35,126 [WindowSwitcher] [INFO] POS_CALC: mouse=(-25,693) monitor_1={pos=(-1920.0,0.0), size=(1920x1080)} window={logical=(720x420), actual=(720x420), dpi_scale=1.00} final_pos=(-1320,330)
2026-02-05 01:00:35,154 [WindowSwitcher] [INFO] Fetched from cache in 27ms (cache age: 325ms, windows: 7)
2026-02-05 01:00:35,154 [WindowSwitcher] [INFO] Window shown and positioned: calculated=(-1320,330), expected_size=(720x420)
2026-02-05 01:00:36,993 [WindowSwitcher] [INFO] Executing command: /layouts
2026-02-05 01:00:36,993 [WindowSwitcher.Commands] [INFO] Executing /layouts command
2026-02-05 01:00:36,999 [WindowSwitcher] [INFO] Fetched 1 layouts
2026-02-05 01:00:37,015 [WindowSwitcher.Commands] [INFO] LayoutManagementView initialized with 1 layouts
2026-02-05 01:00:38,366 [WindowSwitcher] [INFO] Layout deactivation result: {'deactivated': 'Dual Screen Home', 'message': "Layout 'Dual Screen Home' deactivated successfully", 'success': True}
2026-02-05 01:00:38,371 [WindowSwitcher] [INFO] Fetched 1 layouts
2026-02-05 01:00:40,203 [WindowSwitcher] [INFO] Layout activation result: {'layout': 'Dual Screen Home', 'message': "Layout 'Dual Screen Home' activated successfully", 'rules_applied': 8, 'success': True}
2026-02-05 01:00:40,220 [WindowSwitcher] [INFO] Fetched 1 layouts
2026-02-05 01:13:28,330 [WindowSwitcher] [INFO] Using mouse position: -1085, 731
2026-02-05 01:13:28,330 [WindowSwitcher] [DEBUG] Found cached DPI for monitor: 1.0
2026-02-05 01:13:28,330 [WindowSwitcher] [INFO] POS_CALC: mouse=(-1085,731) monitor_1={pos=(-1920.0,0.0), size=(1920x1080)} window={logical=(720x420), actual=(720x420), dpi_scale=1.00} final_pos=(-1320,330)
2026-02-05 01:13:28,336 [WindowSwitcher] [INFO] Fetched from cache in 6ms (cache age: 687ms, windows: 7)
2026-02-05 01:13:28,356 [WindowSwitcher] [INFO] Window shown and positioned: calculated=(-1320,330), expected_size=(720x420)
2026-02-05 01:13:30,500 [WindowSwitcher] [INFO] Fetched settings: {'center_mouse_on_switch': True, 'default_layout': 'dual-screen-home'}
2026-02-05 01:13:30,501 [WindowSwitcher] [INFO] Mouse centered on monitor at (-960, 540)
2026-02-05 01:13:42,809 [WindowSwitcher] [INFO] Using mouse position: -511, 578
2026-02-05 01:13:42,810 [WindowSwitcher] [DEBUG] Found cached DPI for monitor: 1.0
2026-02-05 01:13:42,811 [WindowSwitcher] [INFO] POS_CALC: mouse=(-511,578) monitor_1={pos=(-1920.0,0.0), size=(1920x1080)} window={logical=(720x420), actual=(720x420), dpi_scale=1.00} final_pos=(-1320,330)
2026-02-05 01:13:42,824 [WindowSwitcher] [INFO] Fetched from cache in 15ms (cache age: 957ms, windows: 7)
2026-02-05 01:13:42,834 [WindowSwitcher] [INFO] Window shown and positioned: calculated=(-1320,330), expected_size=(720x420)
2026-02-05 01:13:47,886 [WindowSwitcher] [INFO] Using mouse position: -511, 578
2026-02-05 01:13:47,888 [WindowSwitcher] [DEBUG] Found cached DPI for monitor: 1.0
2026-02-05 01:13:47,888 [WindowSwitcher] [INFO] POS_CALC: mouse=(-511,578) monitor_1={pos=(-1920.0,0.0), size=(1920x1080)} window={logical=(720x420), actual=(720x420), dpi_scale=1.00} final_pos=(-1320,330)
2026-02-05 01:13:47,892 [WindowSwitcher] [INFO] Fetched from cache in 6ms (cache age: 12ms, windows: 7)
2026-02-05 01:13:47,915 [WindowSwitcher] [INFO] Window shown and positioned: calculated=(-1320,330), expected_size=(720x420)
2026-02-05 01:13:49,429 [WindowSwitcher] [INFO] Executing command: /layouts
2026-02-05 01:13:49,429 [WindowSwitcher.Commands] [INFO] Executing /layouts command
2026-02-05 01:13:49,437 [WindowSwitcher] [INFO] Fetched 1 layouts
2026-02-05 01:13:49,442 [WindowSwitcher.Commands] [INFO] LayoutManagementView initialized with 1 layouts
2026-02-05 01:13:52,848 [WindowSwitcher] [INFO] Using mouse position: -511, 578
2026-02-05 01:13:52,850 [WindowSwitcher] [DEBUG] Found cached DPI for monitor: 1.0
2026-02-05 01:13:52,850 [WindowSwitcher] [INFO] POS_CALC: mouse=(-511,578) monitor_1={pos=(-1920.0,0.0), size=(1920x1080)} window={logical=(720x420), actual=(720x420), dpi_scale=1.00} final_pos=(-1320,330)
2026-02-05 01:13:52,866 [WindowSwitcher] [INFO] Fetched from cache in 18ms (cache age: 976ms, windows: 7)
2026-02-05 01:13:52,874 [WindowSwitcher] [INFO] Window shown and positioned: calculated=(-1320,330), expected_size=(720x420)
2026-02-05 01:13:54,037 [WindowSwitcher] [INFO] Fetched settings: {'center_mouse_on_switch': True, 'default_layout': 'dual-screen-home'}
2026-02-05 01:13:54,037 [WindowSwitcher] [INFO] Mouse centered on monitor at (-960, 540)
2026-02-05 01:13:54,821 [WindowSwitcher] [INFO] Using mouse position: -960, 540
2026-02-05 01:13:54,822 [WindowSwitcher] [DEBUG] Found cached DPI for monitor: 1.0
2026-02-05 01:13:54,823 [WindowSwitcher] [INFO] POS_CALC: mouse=(-960,540) monitor_1={pos=(-1920.0,0.0), size=(1920x1080)} window={logical=(720x420), actual=(720x420), dpi_scale=1.00} final_pos=(-1320,330)
2026-02-05 01:13:54,826 [WindowSwitcher] [INFO] Fetched from cache in 5ms (cache age: 935ms, windows: 7)
2026-02-05 01:13:54,840 [WindowSwitcher] [INFO] Window shown and positioned: calculated=(-1320,330), expected_size=(720x420)
2026-02-05 01:14:02,081 [WindowSwitcher] [INFO] Using mouse position: -960, 540
2026-02-05 01:14:02,081 [WindowSwitcher] [DEBUG] Found cached DPI for monitor: 1.0
2026-02-05 01:14:02,081 [WindowSwitcher] [INFO] POS_CALC: mouse=(-960,540) monitor_1={pos=(-1920.0,0.0), size=(1920x1080)} window={logical=(720x420), actual=(720x420), dpi_scale=1.00} final_pos=(-1320,330)
2026-02-05 01:14:02,106 [WindowSwitcher] [INFO] Fetched from cache in 25ms (cache age: 194ms, windows: 7)
2026-02-05 01:14:02,108 [WindowSwitcher] [INFO] Window shown and positioned: calculated=(-1320,330), expected_size=(720x420)
2026-02-05 01:14:03,648 [WindowSwitcher] [INFO] Executing command: /layouts
2026-02-05 01:14:03,648 [WindowSwitcher.Commands] [INFO] Executing /layouts command
2026-02-05 01:14:03,656 [WindowSwitcher] [INFO] Fetched 1 layouts
2026-02-05 01:14:03,662 [WindowSwitcher.Commands] [INFO] LayoutManagementView initialized with 1 layouts
2026-02-05 01:14:04,523 [WindowSwitcher] [INFO] Layout activation result: {'layout': 'Dual Screen Home', 'message': "Layout 'Dual Screen Home' activated successfully", 'rules_applied': 8, 'success': True}
2026-02-05 01:14:04,531 [WindowSwitcher] [INFO] Fetched 1 layouts
2026-02-05 01:14:25,088 [WindowSwitcher] [INFO] Using mouse position: -960, 540
2026-02-05 01:14:25,088 [WindowSwitcher] [DEBUG] Found cached DPI for monitor: 1.0
2026-02-05 01:14:25,088 [WindowSwitcher] [INFO] POS_CALC: mouse=(-960,540) monitor_1={pos=(-1920.0,0.0), size=(1920x1080)} window={logical=(720x420), actual=(720x420), dpi_scale=1.00} final_pos=(-1320,330)
2026-02-05 01:14:25,100 [WindowSwitcher] [INFO] Fetched from cache in 12ms (cache age: 1131ms, windows: 7)
2026-02-05 01:14:25,110 [WindowSwitcher] [INFO] Window shown and positioned: calculated=(-1320,330), expected_size=(720x420)
2026-02-05 01:14:27,414 [WindowSwitcher] [INFO] Fetched settings: {'center_mouse_on_switch': True, 'default_layout': 'dual-screen-home'}
2026-02-05 01:14:27,415 [WindowSwitcher] [INFO] Mouse centered on monitor at (-960, 540)
2026-02-05 01:14:42,742 [WindowSwitcher] [INFO] Using mouse position: -480, 859
2026-02-05 01:14:42,744 [WindowSwitcher] [DEBUG] Found cached DPI for monitor: 1.0
2026-02-05 01:14:42,744 [WindowSwitcher] [INFO] POS_CALC: mouse=(-480,859) monitor_1={pos=(-1920.0,0.0), size=(1920x1080)} window={logical=(720x420), actual=(720x420), dpi_scale=1.00} final_pos=(-1320,330)
2026-02-05 01:14:42,747 [WindowSwitcher] [INFO] Fetched from cache in 5ms (cache age: 721ms, windows: 7)
2026-02-05 01:14:42,765 [WindowSwitcher] [INFO] Window shown and positioned: calculated=(-1320,330), expected_size=(720x420)
2026-02-05 01:14:44,784 [WindowSwitcher] [INFO] Fetched settings: {'center_mouse_on_switch': True, 'default_layout': 'dual-screen-home'}
2026-02-05 01:14:44,785 [WindowSwitcher] [INFO] Mouse centered on monitor at (-960, 540)
2026-02-05 01:18:28,493 [WindowSwitcher] [INFO] Using mouse position: -977, 546
2026-02-05 01:18:28,495 [WindowSwitcher] [DEBUG] Found cached DPI for monitor: 1.0
2026-02-05 01:18:28,495 [WindowSwitcher] [INFO] POS_CALC: mouse=(-977,546) monitor_1={pos=(-1920.0,0.0), size=(1920x1080)} window={logical=(720x420), actual=(720x420), dpi_scale=1.00} final_pos=(-1320,330)
2026-02-05 01:18:28,498 [WindowSwitcher] [INFO] Fetched from cache in 5ms (cache age: 1367ms, windows: 7)
2026-02-05 01:18:28,523 [WindowSwitcher] [INFO] Window shown and positioned: calculated=(-1320,330), expected_size=(720x420)
2026-02-05 01:18:30,776 [WindowSwitcher] [INFO] Fetched settings: {'center_mouse_on_switch': True, 'default_layout': 'dual-screen-home'}
2026-02-05 01:18:30,777 [WindowSwitcher] [INFO] Mouse centered on monitor at (-960, 540)
2026-02-05 01:18:35,817 [WindowSwitcher] [INFO] Using mouse position: -960, 540
2026-02-05 01:18:35,818 [WindowSwitcher] [DEBUG] Found cached DPI for monitor: 1.0
2026-02-05 01:18:35,819 [WindowSwitcher] [INFO] POS_CALC: mouse=(-960,540) monitor_1={pos=(-1920.0,0.0), size=(1920x1080)} window={logical=(720x420), actual=(720x420), dpi_scale=1.00} final_pos=(-1320,330)
2026-02-05 01:18:35,839 [WindowSwitcher] [INFO] Window shown and positioned: calculated=(-1320,330), expected_size=(720x420)
2026-02-05 01:18:36,320 [WindowSwitcher] [WARNING] Cache API unavailable after 503ms: HTTPConnectionPool(host='127.0.0.1', port=5555): Max retries exceeded with url: /screenassign/windows-and-tabs (Caused by ConnectTimeoutError(<HTTPConnection(host='127.0.0.1', port=5555) at 0x21086a9ab50>, 'Connection to 127.0.0.1 timed out. (connect timeout=0.5)'))
2026-02-05 01:18:36,320 [WindowSwitcher] [WARNING] API unavailable - cannot fetch windows without backend
2026-02-05 01:18:37,981 [WindowSwitcher] [INFO] Executing command: /layouts
2026-02-05 01:18:37,981 [WindowSwitcher.Commands] [INFO] Executing /layouts command
2026-02-05 01:18:38,184 [WindowSwitcher] [INFO] Fetched 1 layouts
2026-02-05 01:18:38,189 [WindowSwitcher.Commands] [INFO] LayoutManagementView initialized with 1 layouts
2026-02-05 01:18:41,549 [WindowSwitcher] [ERROR] Layout activate error: HTTPConnectionPool(host='127.0.0.1', port=5555): Read timed out. (read timeout=1.0)
2026-02-05 01:18:58,294 [WindowSwitcher] [INFO] Using mouse position: -960, 540
2026-02-05 01:18:58,300 [WindowSwitcher] [DEBUG] Found cached DPI for monitor: 1.0
2026-02-05 01:18:58,300 [WindowSwitcher] [INFO] POS_CALC: mouse=(-960,540) monitor_1={pos=(-1920.0,0.0), size=(1920x1080)} window={logical=(720x420), actual=(720x420), dpi_scale=1.00} final_pos=(-1320,330)
2026-02-05 01:18:58,305 [WindowSwitcher] [INFO] Fetched from cache in 10ms (cache age: 4025ms, windows: 7)
2026-02-05 01:18:58,340 [WindowSwitcher] [INFO] Window shown and positioned: calculated=(-1320,330), expected_size=(720x420)
2026-02-05 01:19:02,941 [WindowSwitcher] [INFO] Using mouse position: -960, 540
2026-02-05 01:19:02,942 [WindowSwitcher] [DEBUG] Found cached DPI for monitor: 1.0
2026-02-05 01:19:02,942 [WindowSwitcher] [INFO] POS_CALC: mouse=(-960,540) monitor_1={pos=(-1920.0,0.0), size=(1920x1080)} window={logical=(720x420), actual=(720x420), dpi_scale=1.00} final_pos=(-1320,330)
2026-02-05 01:19:02,959 [WindowSwitcher] [INFO] Window shown and positioned: calculated=(-1320,330), expected_size=(720x420)
2026-02-05 01:19:02,971 [WindowSwitcher] [INFO] Fetched from cache in 31ms (cache age: 3090ms, windows: 7)
2026-02-05 01:19:04,786 [WindowSwitcher] [INFO] Fetched settings: {'center_mouse_on_switch': True, 'default_layout': 'dual-screen-home'}
2026-02-05 01:19:04,787 [WindowSwitcher] [INFO] Mouse centered on monitor at (-960, 540)
2026-02-05 01:19:18,707 [WindowSwitcher] [INFO] Using mouse position: -883, 482
2026-02-05 01:19:18,708 [WindowSwitcher] [DEBUG] Found cached DPI for monitor: 1.0
2026-02-05 01:19:18,709 [WindowSwitcher] [INFO] POS_CALC: mouse=(-883,482) monitor_1={pos=(-1920.0,0.0), size=(1920x1080)} window={logical=(720x420), actual=(720x420), dpi_scale=1.00} final_pos=(-1320,330)
2026-02-05 01:19:18,712 [WindowSwitcher] [INFO] Fetched from cache in 5ms (cache age: 2018ms, windows: 7)
2026-02-05 01:19:18,754 [WindowSwitcher] [INFO] Window shown and positioned: calculated=(-1320,330), expected_size=(720x420)
2026-02-05 01:19:29,734 [WindowSwitcher] [INFO] Using mouse position: -900, 247
2026-02-05 01:19:29,736 [WindowSwitcher] [DEBUG] Found cached DPI for monitor: 1.0
2026-02-05 01:19:29,737 [WindowSwitcher] [INFO] POS_CALC: mouse=(-900,247) monitor_1={pos=(-1920.0,0.0), size=(1920x1080)} window={logical=(720x420), actual=(720x420), dpi_scale=1.00} final_pos=(-1320,330)
2026-02-05 01:19:29,753 [WindowSwitcher] [INFO] Fetched from cache in 19ms (cache age: 1832ms, windows: 7)
2026-02-05 01:19:29,756 [WindowSwitcher] [INFO] Window shown and positioned: calculated=(-1320,330), expected_size=(720x420)
2026-02-05 01:21:14,095 [WindowSwitcher] [INFO] Using mouse position: -1103, 763
2026-02-05 01:21:14,095 [WindowSwitcher] [DEBUG] Found cached DPI for monitor: 1.0
2026-02-05 01:21:14,099 [WindowSwitcher] [INFO] POS_CALC: mouse=(-1103,763) monitor_1={pos=(-1920.0,0.0), size=(1920x1080)} window={logical=(720x420), actual=(720x420), dpi_scale=1.00} final_pos=(-1320,330)
2026-02-05 01:21:14,119 [WindowSwitcher] [INFO] Window shown and positioned: calculated=(-1320,330), expected_size=(720x420)
2026-02-05 01:21:14,607 [WindowSwitcher] [WARNING] Cache API unavailable after 512ms: HTTPConnectionPool(host='127.0.0.1', port=5555): Max retries exceeded with url: /screenassign/windows-and-tabs (Caused by ConnectTimeoutError(<HTTPConnection(host='127.0.0.1', port=5555) at 0x21086a9d010>, 'Connection to 127.0.0.1 timed out. (connect timeout=0.5)'))
2026-02-05 01:21:14,607 [WindowSwitcher] [WARNING] API unavailable - cannot fetch windows without backend
2026-02-05 01:21:23,045 [WindowSwitcher] [INFO] Using mouse position: -566, 785
2026-02-05 01:21:23,048 [WindowSwitcher] [DEBUG] Found cached DPI for monitor: 1.0
2026-02-05 01:21:23,048 [WindowSwitcher] [INFO] POS_CALC: mouse=(-566,785) monitor_1={pos=(-1920.0,0.0), size=(1920x1080)} window={logical=(720x420), actual=(720x420), dpi_scale=1.00} final_pos=(-1320,330)
2026-02-05 01:21:23,091 [WindowSwitcher] [INFO] Window shown and positioned: calculated=(-1320,330), expected_size=(720x420)
2026-02-05 01:21:23,548 [WindowSwitcher] [WARNING] Cache API unavailable after 503ms: HTTPConnectionPool(host='127.0.0.1', port=5555): Max retries exceeded with url: /screenassign/windows-and-tabs (Caused by ConnectTimeoutError(<HTTPConnection(host='127.0.0.1', port=5555) at 0x21086a94510>, 'Connection to 127.0.0.1 timed out. (connect timeout=0.5)'))
2026-02-05 01:21:23,548 [WindowSwitcher] [WARNING] API unavailable - cannot fetch windows without backend
2026-02-05 01:21:24,787 [WindowSwitcher] [INFO] Executing command: /layouts
2026-02-05 01:21:24,787 [WindowSwitcher.Commands] [INFO] Executing /layouts command
2026-02-05 01:21:25,790 [WindowSwitcher] [WARNING] Failed to fetch layouts: HTTPConnectionPool(host='127.0.0.1', port=5555): Max retries exceeded with url: /screenassign/layouts (Caused by ConnectTimeoutError(<HTTPConnection(host='127.0.0.1', port=5555) at 0x21086aa9010>, 'Connection to 127.0.0.1 timed out. (connect timeout=1.0)'))
2026-02-05 01:21:26,558 [WindowSwitcher.Commands] [INFO] LayoutManagementView initialized with 0 layouts
2026-02-05 01:21:30,246 [WindowSwitcher] [INFO] Using mouse position: -566, 785
2026-02-05 01:21:30,248 [WindowSwitcher] [DEBUG] Found cached DPI for monitor: 1.0
2026-02-05 01:21:30,248 [WindowSwitcher] [INFO] POS_CALC: mouse=(-566,785) monitor_1={pos=(-1920.0,0.0), size=(1920x1080)} window={logical=(720x420), actual=(720x420), dpi_scale=1.00} final_pos=(-1320,330)
2026-02-05 01:21:30,261 [WindowSwitcher] [INFO] Fetched from cache in 15ms (cache age: 1882ms, windows: 7)
2026-02-05 01:21:30,308 [WindowSwitcher] [INFO] Window shown and positioned: calculated=(-1320,330), expected_size=(720x420)
2026-02-05 01:21:31,992 [WindowSwitcher] [INFO] Executing command: /layouts
2026-02-05 01:21:31,992 [WindowSwitcher.Commands] [INFO] Executing /layouts command
2026-02-05 01:21:31,998 [WindowSwitcher] [INFO] Fetched 1 layouts
2026-02-05 01:21:32,003 [WindowSwitcher.Commands] [INFO] LayoutManagementView initialized with 1 layouts
2026-02-05 01:21:33,734 [WindowSwitcher] [ERROR] Layout activate error: HTTPConnectionPool(host='127.0.0.1', port=5555): Read timed out. (read timeout=1.0)
2026-02-05 01:24:47,443 [WindowSwitcher] [INFO] Using mouse position: 310, 771
2026-02-05 01:24:47,446 [WindowSwitcher] [DEBUG] Found cached DPI for monitor: 1.0
2026-02-05 01:24:47,446 [WindowSwitcher] [INFO] POS_CALC: mouse=(310,771) monitor_0={pos=(0.0,0.0), size=(1080x1920)} window={logical=(720x420), actual=(720x420), dpi_scale=1.00} final_pos=(180,750)
2026-02-05 01:24:47,455 [WindowSwitcher] [INFO] Fetched from cache in 12ms (cache age: 769ms, windows: 7)
2026-02-05 01:24:47,510 [WindowSwitcher] [INFO] Window shown and positioned: calculated=(180,750), expected_size=(720x420)
2026-02-05 01:25:32,903 [WindowSwitcher] [INFO] Using mouse position: -276, 428
2026-02-05 01:25:32,904 [WindowSwitcher] [DEBUG] Found cached DPI for monitor: 1.0
2026-02-05 01:25:32,904 [WindowSwitcher] [INFO] POS_CALC: mouse=(-276,428) monitor_1={pos=(-1920.0,0.0), size=(1920x1080)} window={logical=(720x420), actual=(720x420), dpi_scale=1.00} final_pos=(-1320,330)
2026-02-05 01:25:32,908 [WindowSwitcher] [INFO] Fetched from cache in 7ms (cache age: 105ms, windows: 7)
2026-02-05 01:25:32,954 [WindowSwitcher] [INFO] Window shown and positioned: calculated=(-1320,330), expected_size=(720x420)
2026-02-05 01:25:35,052 [WindowSwitcher] [INFO] Executing command: /layouts
2026-02-05 01:25:35,052 [WindowSwitcher.Commands] [INFO] Executing /layouts command
2026-02-05 01:25:35,059 [WindowSwitcher] [INFO] Fetched 1 layouts
2026-02-05 01:25:35,065 [WindowSwitcher.Commands] [INFO] LayoutManagementView initialized with 1 layouts
2026-02-05 01:25:52,226 [WindowSwitcher] [INFO] Using mouse position: -276, 428
2026-02-05 01:25:52,228 [WindowSwitcher] [DEBUG] Found cached DPI for monitor: 1.0
2026-02-05 01:25:52,229 [WindowSwitcher] [INFO] POS_CALC: mouse=(-276,428) monitor_1={pos=(-1920.0,0.0), size=(1920x1080)} window={logical=(720x420), actual=(720x420), dpi_scale=1.00} final_pos=(-1320,330)
2026-02-05 01:25:52,234 [WindowSwitcher] [INFO] Fetched from cache in 7ms (cache age: 526ms, windows: 7)
2026-02-05 01:25:52,283 [WindowSwitcher] [INFO] Window shown and positioned: calculated=(-1320,330), expected_size=(720x420)
2026-02-05 01:25:54,755 [WindowSwitcher] [INFO] Executing command: /layouts
2026-02-05 01:25:54,755 [WindowSwitcher.Commands] [INFO] Executing /layouts command
2026-02-05 01:25:54,762 [WindowSwitcher] [INFO] Fetched 1 layouts
2026-02-05 01:25:54,767 [WindowSwitcher.Commands] [INFO] LayoutManagementView initialized with 1 layouts
2026-02-05 01:25:56,465 [WindowSwitcher] [ERROR] Layout activate error: HTTPConnectionPool(host='127.0.0.1', port=5555): Read timed out. (read timeout=1.0)
2026-02-05 01:26:43,680 [WindowSwitcher] [INFO] Using mouse position: -736, 695
2026-02-05 01:26:43,680 [WindowSwitcher] [DEBUG] Found cached DPI for monitor: 1.0
2026-02-05 01:26:43,680 [WindowSwitcher] [INFO] POS_CALC: mouse=(-736,695) monitor_1={pos=(-1920.0,0.0), size=(1920x1080)} window={logical=(720x420), actual=(720x420), dpi_scale=1.00} final_pos=(-1320,330)
2026-02-05 01:26:43,697 [WindowSwitcher] [INFO] Window shown and positioned: calculated=(-1320,330), expected_size=(720x420)
2026-02-05 01:26:44,189 [WindowSwitcher] [WARNING] Cache API unavailable after 508ms: HTTPConnectionPool(host='127.0.0.1', port=5555): Max retries exceeded with url: /screenassign/windows-and-tabs (Caused by ConnectTimeoutError(<HTTPConnection(host='127.0.0.1', port=5555) at 0x21086b58690>, 'Connection to 127.0.0.1 timed out. (connect timeout=0.5)'))
2026-02-05 01:26:44,189 [WindowSwitcher] [WARNING] API unavailable - cannot fetch windows without backend
2026-02-05 01:26:58,523 [WindowSwitcher] [INFO] Using mouse position: -456, 566
2026-02-05 01:26:58,524 [WindowSwitcher] [DEBUG] Found cached DPI for monitor: 1.0
2026-02-05 01:26:58,525 [WindowSwitcher] [INFO] POS_CALC: mouse=(-456,566) monitor_1={pos=(-1920.0,0.0), size=(1920x1080)} window={logical=(720x420), actual=(720x420), dpi_scale=1.00} final_pos=(-1320,330)
2026-02-05 01:26:58,528 [WindowSwitcher] [INFO] Fetched from cache in 5ms (cache age: 657ms, windows: 7)
2026-02-05 01:26:58,564 [WindowSwitcher] [INFO] Window shown and positioned: calculated=(-1320,330), expected_size=(720x420)
2026-02-05 01:26:59,906 [WindowSwitcher] [INFO] Executing command: /layouts
2026-02-05 01:26:59,906 [WindowSwitcher.Commands] [INFO] Executing /layouts command
2026-02-05 01:26:59,913 [WindowSwitcher] [INFO] Fetched 1 layouts
2026-02-05 01:26:59,928 [WindowSwitcher.Commands] [INFO] LayoutManagementView initialized with 1 layouts
2026-02-05 01:27:01,293 [WindowSwitcher] [ERROR] Layout activate error: HTTPConnectionPool(host='127.0.0.1', port=5555): Read timed out. (read timeout=1.0)
2026-02-05 01:27:06,686 [WindowSwitcher] [INFO] Layout activation result: {'message': "Layout 'Dual Screen Home' is already active. Deactivate it first before activating another.", 'success': False}
2026-02-05 01:27:10,414 [WindowSwitcher] [INFO] Using mouse position: -456, 566
2026-02-05 01:27:10,416 [WindowSwitcher] [DEBUG] Found cached DPI for monitor: 1.0
2026-02-05 01:27:10,416 [WindowSwitcher] [INFO] POS_CALC: mouse=(-456,566) monitor_1={pos=(-1920.0,0.0), size=(1920x1080)} window={logical=(720x420), actual=(720x420), dpi_scale=1.00} final_pos=(-1320,330)
2026-02-05 01:27:10,435 [WindowSwitcher] [INFO] Fetched from cache in 20ms (cache age: 17ms, windows: 7)
2026-02-05 01:27:10,453 [WindowSwitcher] [INFO] Window shown and positioned: calculated=(-1320,330), expected_size=(720x420)
2026-02-05 01:27:11,647 [WindowSwitcher] [INFO] Executing command: /layouts
2026-02-05 01:27:11,647 [WindowSwitcher.Commands] [INFO] Executing /layouts command
2026-02-05 01:27:11,664 [WindowSwitcher] [INFO] Fetched 1 layouts
2026-02-05 01:27:11,681 [WindowSwitcher.Commands] [INFO] LayoutManagementView initialized with 1 layouts
2026-02-05 01:28:12,614 [WindowSwitcher] [INFO] Using mouse position: -1109, 191
2026-02-05 01:28:12,615 [WindowSwitcher] [DEBUG] Found cached DPI for monitor: 1.0
2026-02-05 01:28:12,615 [WindowSwitcher] [INFO] POS_CALC: mouse=(-1109,191) monitor_1={pos=(-1920.0,0.0), size=(1920x1080)} window={logical=(720x420), actual=(720x420), dpi_scale=1.00} final_pos=(-1320,330)
2026-02-05 01:28:12,619 [WindowSwitcher] [INFO] Fetched from cache in 6ms (cache age: 2209ms, windows: 7)
2026-02-05 01:28:12,655 [WindowSwitcher] [INFO] Window shown and positioned: calculated=(-1320,330), expected_size=(720x420)
2026-02-05 01:28:17,873 [WindowSwitcher] [INFO] Fetched settings: {'center_mouse_on_switch': True, 'default_layout': 'dual-screen-home'}
2026-02-05 01:28:17,874 [WindowSwitcher] [INFO] Mouse centered on monitor at (540, 960)
2026-02-05 01:28:21,969 [WindowSwitcher] [INFO] Using mouse position: 540, 960
2026-02-05 01:28:21,971 [WindowSwitcher] [DEBUG] Found cached DPI for monitor: 1.0
2026-02-05 01:28:21,971 [WindowSwitcher] [INFO] POS_CALC: mouse=(540,960) monitor_0={pos=(0.0,0.0), size=(1080x1920)} window={logical=(720x420), actual=(720x420), dpi_scale=1.00} final_pos=(180,750)
2026-02-05 01:28:21,974 [WindowSwitcher] [INFO] Fetched from cache in 5ms (cache age: 1025ms, windows: 7)
2026-02-05 01:28:22,004 [WindowSwitcher] [INFO] Window shown and positioned: calculated=(180,750), expected_size=(720x420)
2026-02-05 01:28:24,365 [WindowSwitcher] [INFO] Fetched settings: {'center_mouse_on_switch': True, 'default_layout': 'dual-screen-home'}
2026-02-05 01:28:24,366 [WindowSwitcher] [INFO] Mouse centered on monitor at (-960, 540)
2026-02-05 01:31:23,819 [WindowSwitcher] [INFO] Using mouse position: -901, 619
2026-02-05 01:31:23,825 [WindowSwitcher] [DEBUG] Found cached DPI for monitor: 1.0
2026-02-05 01:31:23,826 [WindowSwitcher] [INFO] POS_CALC: mouse=(-901,619) monitor_1={pos=(-1920.0,0.0), size=(1920x1080)} window={logical=(720x420), actual=(720x420), dpi_scale=1.00} final_pos=(-1320,330)
2026-02-05 01:31:23,831 [WindowSwitcher] [INFO] Fetched from cache in 11ms (cache age: 1378ms, windows: 7)
2026-02-05 01:31:23,865 [WindowSwitcher] [INFO] Window shown and positioned: calculated=(-1320,330), expected_size=(720x420)
2026-02-05 01:31:26,630 [WindowSwitcher] [INFO] Fetched settings: {'center_mouse_on_switch': True, 'default_layout': 'dual-screen-home'}
2026-02-05 01:31:26,631 [WindowSwitcher] [INFO] Mouse centered on monitor at (-960, 540)
2026-02-05 01:32:13,111 [WindowSwitcher] [INFO] Using mouse position: 144, 458
2026-02-05 01:32:13,113 [WindowSwitcher] [DEBUG] Found cached DPI for monitor: 1.0
2026-02-05 01:32:13,114 [WindowSwitcher] [INFO] POS_CALC: mouse=(144,458) monitor_0={pos=(0.0,0.0), size=(1080x1920)} window={logical=(720x420), actual=(720x420), dpi_scale=1.00} final_pos=(180,750)
2026-02-05 01:32:13,119 [WindowSwitcher] [INFO] Fetched from cache in 8ms (cache age: 1978ms, windows: 7)
2026-02-05 01:32:13,162 [WindowSwitcher] [INFO] Window shown and positioned: calculated=(180,750), expected_size=(720x420)
2026-02-05 01:32:14,455 [WindowSwitcher] [INFO] Executing command: /layouts
2026-02-05 01:32:14,455 [WindowSwitcher.Commands] [INFO] Executing /layouts command
2026-02-05 01:32:14,464 [WindowSwitcher] [INFO] Fetched 1 layouts
2026-02-05 01:32:14,469 [WindowSwitcher.Commands] [INFO] LayoutManagementView initialized with 1 layouts
2026-02-05 01:32:16,019 [WindowSwitcher] [ERROR] Layout activate error: HTTPConnectionPool(host='127.0.0.1', port=5555): Read timed out. (read timeout=1.0)
2026-02-05 01:32:59,084 [WindowSwitcher] [INFO] Using mouse position: -94, 773
2026-02-05 01:32:59,085 [WindowSwitcher] [DEBUG] Found cached DPI for monitor: 1.0
2026-02-05 01:32:59,086 [WindowSwitcher] [INFO] POS_CALC: mouse=(-94,773) monitor_1={pos=(-1920.0,0.0), size=(1920x1080)} window={logical=(720x420), actual=(720x420), dpi_scale=1.00} final_pos=(-1320,330)
2026-02-05 01:32:59,089 [WindowSwitcher] [INFO] Fetched from cache in 4ms (cache age: 1485ms, windows: 7)
2026-02-05 01:32:59,120 [WindowSwitcher] [INFO] Window shown and positioned: calculated=(-1320,330), expected_size=(720x420)
2026-02-05 01:33:01,314 [WindowSwitcher] [INFO] Using mouse position: -163, 770
2026-02-05 01:33:01,315 [WindowSwitcher] [DEBUG] Found cached DPI for monitor: 1.0
2026-02-05 01:33:01,315 [WindowSwitcher] [INFO] POS_CALC: mouse=(-163,770) monitor_1={pos=(-1920.0,0.0), size=(1920x1080)} window={logical=(720x420), actual=(720x420), dpi_scale=1.00} final_pos=(-1320,330)
2026-02-05 01:33:01,320 [WindowSwitcher] [INFO] Fetched from cache in 5ms (cache age: 1701ms, windows: 7)
2026-02-05 01:33:01,353 [WindowSwitcher] [INFO] Window shown and positioned: calculated=(-1320,330), expected_size=(720x420)
