2026-02-09 18:43:26,275 [WindowSwitcher] [INFO] === Logger initialized, writing to: C:\dev\mytools\screeny\frontend\logs\window_switcher_20260209.log ===
2026-02-09 18:43:26,277 [WindowSwitcher] [INFO] === Starting Window Switcher ===
2026-02-09 18:43:26,277 [WindowSwitcher] [INFO] Log file: C:\dev\mytools\screeny\frontend\logs\window_switcher_20260209.log
2026-02-09 18:43:26,278 [WindowSwitcher] [INFO] Pre-warming HTTP connection (attempt 1/10)...
2026-02-09 18:43:27,236 [WindowSwitcher] [INFO] HTTP connection established
2026-02-09 18:43:27,236 [WindowSwitcher] [INFO] Fetching monitor DPI information from ScreenAssign...
2026-02-09 18:43:27,242 [WindowSwitcher] [INFO] Fetched 2 monitors with DPI info
2026-02-09 18:43:27,242 [WindowSwitcher] [DEBUG]   Monitor monitor_e936f43e: pos=(-3840,0), size=(3840x2160), dpi_scale=2.25
2026-02-09 18:43:27,242 [WindowSwitcher] [DEBUG]   Monitor monitor_7a122ffa: pos=(0,0), size=(1080x1920), dpi_scale=1.0
2026-02-09 18:43:27,242 [WindowSwitcher] [INFO] Cached 2 monitors locally
2026-02-09 18:43:27,242 [WindowSwitcher.Commands] [INFO] CommandRegistry initialized
2026-02-09 18:43:27,242 [WindowSwitcher.Commands] [INFO] Registered command: /monitors
2026-02-09 18:43:27,242 [WindowSwitcher.Commands] [INFO] Registered command: /layouts
2026-02-09 18:43:27,242 [WindowSwitcher.Commands] [INFO] Registered command: /screen-config
2026-02-09 18:43:27,242 [WindowSwitcher.Commands] [INFO] Registered command: /windows
2026-02-09 18:43:27,242 [WindowSwitcher.Commands] [INFO] Registered command: /settings
2026-02-09 18:43:27,242 [WindowSwitcher.Commands] [INFO] Built-in commands registered
2026-02-09 18:43:27,244 [WindowSwitcher] [INFO] Built-in commands registered
2026-02-09 18:43:27,265 [WindowSwitcher] [INFO] Fetched settings: {'center_mouse_on_switch': True, 'default_layout': 'dual-screen-home'}
2026-02-09 18:43:27,265 [WindowSwitcher] [INFO] Auto-activating default layout: dual-screen-home
2026-02-09 18:43:27,284 [WindowSwitcher] [ERROR] Failed to activate layout: Screen configuration doesn't match layout requirements: DISPLAY1 is horizontal, but layout needs vertical
2026-02-09 18:43:27,284 [WindowSwitcher] [WARNING] Failed to activate default layout: Screen configuration doesn't match layout requirements: DISPLAY1 is horizontal, but layout needs vertical
