2026-02-08 12:57:48,585 [WindowSwitcher] [INFO] === Logger initialized, writing to: C:\dev\mytools\screeny\logs\window_switcher_20260208.log ===
2026-02-08 12:57:48,585 [WindowSwitcher] [INFO] === Starting Window Switcher ===
2026-02-08 12:57:48,585 [WindowSwitcher] [INFO] Log file: C:\dev\mytools\screeny\logs\window_switcher_20260208.log
2026-02-08 12:57:48,587 [WindowSwitcher] [INFO] Pre-warming HTTP connection...
2026-02-08 12:57:49,046 [WindowSwitcher] [INFO] HTTP connection established
2026-02-08 12:57:49,046 [WindowSwitcher] [INFO] Fetching monitor DPI information from ScreenAssign...
2026-02-08 12:57:49,075 [WindowSwitcher] [INFO] Fetched 2 monitors with DPI info
2026-02-08 12:57:49,075 [WindowSwitcher] [DEBUG]   Monitor monitor_4d1cb810: pos=(-3840,0), size=(3840x2160), dpi_scale=2.25
2026-02-08 12:57:49,075 [WindowSwitcher] [DEBUG]   Monitor monitor_77150378: pos=(0,0), size=(1080x1920), dpi_scale=1.0
2026-02-08 12:57:49,077 [WindowSwitcher] [INFO] Cached 2 monitors locally
2026-02-08 12:57:49,077 [WindowSwitcher.Commands] [INFO] CommandRegistry initialized
2026-02-08 12:57:49,077 [WindowSwitcher.Commands] [INFO] Registered command: /monitors
2026-02-08 12:57:49,077 [WindowSwitcher.Commands] [INFO] Built-in commands registered
2026-02-08 12:57:49,077 [WindowSwitcher] [INFO] Built-in commands registered
2026-02-08 19:57:59,098 [WindowSwitcher] [INFO] === Logger initialized, writing to: C:\dev\mytools\screeny\logs\window_switcher_20260208.log ===
2026-02-08 19:57:59,100 [WindowSwitcher] [INFO] === Starting Window Switcher ===
2026-02-08 19:57:59,100 [WindowSwitcher] [INFO] Log file: C:\dev\mytools\screeny\logs\window_switcher_20260208.log
2026-02-08 19:57:59,100 [WindowSwitcher] [INFO] Pre-warming HTTP connection...
2026-02-08 19:57:59,110 [WindowSwitcher] [INFO] HTTP connection established
2026-02-08 19:57:59,110 [WindowSwitcher] [INFO] Fetching monitor DPI information from ScreenAssign...
2026-02-08 19:57:59,116 [WindowSwitcher] [INFO] Fetched 2 monitors with DPI info
2026-02-08 19:57:59,116 [WindowSwitcher] [DEBUG]   Monitor monitor_4d1cb810: pos=(-3840,0), size=(3840x2160), dpi_scale=2.25
2026-02-08 19:57:59,118 [WindowSwitcher] [DEBUG]   Monitor monitor_77150378: pos=(0,0), size=(1080x1920), dpi_scale=1.0
2026-02-08 19:57:59,118 [WindowSwitcher] [INFO] Cached 2 monitors locally
2026-02-08 19:57:59,118 [WindowSwitcher.Commands] [INFO] CommandRegistry initialized
2026-02-08 19:57:59,118 [WindowSwitcher.Commands] [INFO] Registered command: /monitors
2026-02-08 19:57:59,120 [WindowSwitcher.Commands] [INFO] Built-in commands registered
2026-02-08 19:57:59,120 [WindowSwitcher] [INFO] Built-in commands registered
2026-02-08 19:58:02,810 [WindowSwitcher] [INFO] Using mouse position: -1878, 1244
2026-02-08 19:58:02,810 [WindowSwitcher] [DEBUG] Found cached DPI for monitor: 2.25
2026-02-08 19:58:02,811 [WindowSwitcher] [INFO] POS_CALC: mouse=(-1878,1244) monitor_1={pos=(-3840.0,0.0), size=(3840x2160)} window={logical=(720x420), actual=(1620x945), dpi_scale=2.25} final_pos=(-2730,607)
2026-02-08 19:58:02,825 [WindowSwitcher] [INFO] Fetched from cache in 16ms (cache age: 1868ms, windows: 8)
2026-02-08 19:58:02,835 [WindowSwitcher] [INFO] Window shown and positioned: calculated=(-2730,607), expected_size=(1620x945)
2026-02-08 19:58:03,953 [WindowSwitcher] [INFO] Using mouse position: -1878, 1244
2026-02-08 19:58:03,954 [WindowSwitcher] [DEBUG] Found cached DPI for monitor: 2.25
2026-02-08 19:58:03,954 [WindowSwitcher] [INFO] POS_CALC: mouse=(-1878,1244) monitor_1={pos=(-3840.0,0.0), size=(3840x2160)} window={logical=(720x420), actual=(1620x945), dpi_scale=2.25} final_pos=(-2730,607)
2026-02-08 19:58:03,957 [WindowSwitcher] [INFO] Fetched from cache in 4ms (cache age: 998ms, windows: 9)
2026-02-08 19:58:03,966 [WindowSwitcher] [INFO] Window shown and positioned: calculated=(-2730,607), expected_size=(1620x945)
2026-02-08 19:58:05,294 [WindowSwitcher] [INFO] Using mouse position: -1878, 1244
2026-02-08 19:58:05,295 [WindowSwitcher] [DEBUG] Found cached DPI for monitor: 2.25
2026-02-08 19:58:05,296 [WindowSwitcher] [INFO] POS_CALC: mouse=(-1878,1244) monitor_1={pos=(-3840.0,0.0), size=(3840x2160)} window={logical=(720x420), actual=(1620x945), dpi_scale=2.25} final_pos=(-2730,607)
2026-02-08 19:58:05,299 [WindowSwitcher] [INFO] Fetched from cache in 5ms (cache age: 336ms, windows: 8)
2026-02-08 19:58:05,301 [WindowSwitcher] [INFO] Window shown and positioned: calculated=(-2730,607), expected_size=(1620x945)
2026-02-08 19:58:07,031 [WindowSwitcher] [INFO] Using mouse position: -1878, 1244
2026-02-08 19:58:07,032 [WindowSwitcher] [DEBUG] Found cached DPI for monitor: 2.25
2026-02-08 19:58:07,032 [WindowSwitcher] [INFO] POS_CALC: mouse=(-1878,1244) monitor_1={pos=(-3840.0,0.0), size=(3840x2160)} window={logical=(720x420), actual=(1620x945), dpi_scale=2.25} final_pos=(-2730,607)
2026-02-08 19:58:07,036 [WindowSwitcher] [INFO] Fetched from cache in 5ms (cache age: 69ms, windows: 8)
2026-02-08 19:58:07,037 [WindowSwitcher] [INFO] Window shown and positioned: calculated=(-2730,607), expected_size=(1620x945)
2026-02-08 19:58:09,148 [WindowSwitcher] [INFO] Using mouse position: -1878, 1244
2026-02-08 19:58:09,149 [WindowSwitcher] [DEBUG] Found cached DPI for monitor: 2.25
2026-02-08 19:58:09,150 [WindowSwitcher] [INFO] POS_CALC: mouse=(-1878,1244) monitor_1={pos=(-3840.0,0.0), size=(3840x2160)} window={logical=(720x420), actual=(1620x945), dpi_scale=2.25} final_pos=(-2730,607)
2026-02-08 19:58:09,153 [WindowSwitcher] [INFO] Fetched from cache in 5ms (cache age: 183ms, windows: 8)
2026-02-08 19:58:09,155 [WindowSwitcher] [INFO] Window shown and positioned: calculated=(-2730,607), expected_size=(1620x945)
2026-02-08 19:58:10,421 [WindowSwitcher] [INFO] Using mouse position: -1878, 1244
2026-02-08 19:58:10,422 [WindowSwitcher] [DEBUG] Found cached DPI for monitor: 2.25
2026-02-08 19:58:10,423 [WindowSwitcher] [INFO] POS_CALC: mouse=(-1878,1244) monitor_1={pos=(-3840.0,0.0), size=(3840x2160)} window={logical=(720x420), actual=(1620x945), dpi_scale=2.25} final_pos=(-2730,607)
2026-02-08 19:58:10,427 [WindowSwitcher] [INFO] Fetched from cache in 7ms (cache age: 1456ms, windows: 8)
2026-02-08 19:58:10,431 [WindowSwitcher] [INFO] Window shown and positioned: calculated=(-2730,607), expected_size=(1620x945)
2026-02-08 19:58:11,669 [WindowSwitcher] [INFO] Using mouse position: -1878, 1244
2026-02-08 19:58:11,670 [WindowSwitcher] [DEBUG] Found cached DPI for monitor: 2.25
2026-02-08 19:58:11,670 [WindowSwitcher] [INFO] POS_CALC: mouse=(-1878,1244) monitor_1={pos=(-3840.0,0.0), size=(3840x2160)} window={logical=(720x420), actual=(1620x945), dpi_scale=2.25} final_pos=(-2730,607)
2026-02-08 19:58:11,673 [WindowSwitcher] [INFO] Fetched from cache in 5ms (cache age: 699ms, windows: 9)
2026-02-08 19:58:11,675 [WindowSwitcher] [INFO] Window shown and positioned: calculated=(-2730,607), expected_size=(1620x945)
2026-02-08 19:58:21,855 [WindowSwitcher] [INFO] Using mouse position: -1608, 846
2026-02-08 19:58:21,857 [WindowSwitcher] [DEBUG] Found cached DPI for monitor: 2.25
2026-02-08 19:58:21,857 [WindowSwitcher] [INFO] POS_CALC: mouse=(-1608,846) monitor_1={pos=(-3840.0,0.0), size=(3840x2160)} window={logical=(720x420), actual=(1620x945), dpi_scale=2.25} final_pos=(-2730,607)
2026-02-08 19:58:21,860 [WindowSwitcher] [INFO] Fetched from cache in 5ms (cache age: 867ms, windows: 8)
2026-02-08 19:58:21,865 [WindowSwitcher] [INFO] Window shown and positioned: calculated=(-2730,607), expected_size=(1620x945)
2026-02-08 19:58:22,946 [WindowSwitcher] [INFO] Using mouse position: -1608, 846
2026-02-08 19:58:22,947 [WindowSwitcher] [DEBUG] Found cached DPI for monitor: 2.25
2026-02-08 19:58:22,948 [WindowSwitcher] [INFO] POS_CALC: mouse=(-1608,846) monitor_1={pos=(-3840.0,0.0), size=(3840x2160)} window={logical=(720x420), actual=(1620x945), dpi_scale=2.25} final_pos=(-2730,607)
2026-02-08 19:58:22,951 [WindowSwitcher] [INFO] Fetched from cache in 5ms (cache age: 1959ms, windows: 8)
2026-02-08 19:58:22,953 [WindowSwitcher] [INFO] Window shown and positioned: calculated=(-2730,607), expected_size=(1620x945)
2026-02-08 19:58:23,980 [WindowSwitcher] [INFO] Using mouse position: -1608, 846
2026-02-08 19:58:23,981 [WindowSwitcher] [DEBUG] Found cached DPI for monitor: 2.25
2026-02-08 19:58:23,982 [WindowSwitcher] [INFO] POS_CALC: mouse=(-1608,846) monitor_1={pos=(-3840.0,0.0), size=(3840x2160)} window={logical=(720x420), actual=(1620x945), dpi_scale=2.25} final_pos=(-2730,607)
2026-02-08 19:58:23,985 [WindowSwitcher] [INFO] Fetched from cache in 5ms (cache age: 990ms, windows: 9)
2026-02-08 19:58:23,989 [WindowSwitcher] [INFO] Window shown and positioned: calculated=(-2730,607), expected_size=(1620x945)
2026-02-08 19:58:25,385 [WindowSwitcher] [INFO] Using mouse position: -1608, 846
2026-02-08 19:58:25,386 [WindowSwitcher] [DEBUG] Found cached DPI for monitor: 2.25
2026-02-08 19:58:25,386 [WindowSwitcher] [INFO] POS_CALC: mouse=(-1608,846) monitor_1={pos=(-3840.0,0.0), size=(3840x2160)} window={logical=(720x420), actual=(1620x945), dpi_scale=2.25} final_pos=(-2730,607)
2026-02-08 19:58:25,389 [WindowSwitcher] [INFO] Fetched from cache in 5ms (cache age: 392ms, windows: 8)
2026-02-08 19:58:25,391 [WindowSwitcher] [INFO] Window shown and positioned: calculated=(-2730,607), expected_size=(1620x945)
2026-02-08 19:58:26,489 [WindowSwitcher] [INFO] Using mouse position: -1608, 846
2026-02-08 19:58:26,490 [WindowSwitcher] [DEBUG] Found cached DPI for monitor: 2.25
2026-02-08 19:58:26,490 [WindowSwitcher] [INFO] POS_CALC: mouse=(-1608,846) monitor_1={pos=(-3840.0,0.0), size=(3840x2160)} window={logical=(720x420), actual=(1620x945), dpi_scale=2.25} final_pos=(-2730,607)
2026-02-08 19:58:26,493 [WindowSwitcher] [INFO] Fetched from cache in 4ms (cache age: 1495ms, windows: 8)
2026-02-08 19:58:26,500 [WindowSwitcher] [INFO] Window shown and positioned: calculated=(-2730,607), expected_size=(1620x945)
2026-02-08 19:58:27,470 [WindowSwitcher] [INFO] Using mouse position: -1608, 846
2026-02-08 19:58:27,471 [WindowSwitcher] [DEBUG] Found cached DPI for monitor: 2.25
2026-02-08 19:58:27,471 [WindowSwitcher] [INFO] POS_CALC: mouse=(-1608,846) monitor_1={pos=(-3840.0,0.0), size=(3840x2160)} window={logical=(720x420), actual=(1620x945), dpi_scale=2.25} final_pos=(-2730,607)
2026-02-08 19:58:27,475 [WindowSwitcher] [INFO] Window shown and positioned: calculated=(-2730,607), expected_size=(1620x945)
2026-02-08 19:58:27,484 [WindowSwitcher] [INFO] Fetched from cache in 14ms (cache age: 481ms, windows: 9)
2026-02-08 19:58:28,404 [WindowSwitcher] [INFO] Using mouse position: -1608, 846
2026-02-08 19:58:28,405 [WindowSwitcher] [DEBUG] Found cached DPI for monitor: 2.25
2026-02-08 19:58:28,406 [WindowSwitcher] [INFO] POS_CALC: mouse=(-1608,846) monitor_1={pos=(-3840.0,0.0), size=(3840x2160)} window={logical=(720x420), actual=(1620x945), dpi_scale=2.25} final_pos=(-2730,607)
2026-02-08 19:58:28,409 [WindowSwitcher] [INFO] Fetched from cache in 5ms (cache age: 1407ms, windows: 9)
2026-02-08 19:58:28,416 [WindowSwitcher] [INFO] Window shown and positioned: calculated=(-2730,607), expected_size=(1620x945)
