2026-01-31 19:53:14,638 [WindowSwitcher] [INFO] === Logger initialized, writing to: C:\dev\mytools\screeny\logs\window_switcher_20260131.log ===
2026-01-31 19:53:14,639 [WindowSwitcher] [INFO] === Starting Window Switcher ===
2026-01-31 19:53:14,639 [WindowSwitcher] [INFO] Log file: C:\dev\mytools\screeny\logs\window_switcher_20260131.log
2026-01-31 19:53:14,640 [WindowSwitcher] [INFO] Pre-warming HTTP connection...
2026-01-31 19:53:14,649 [WindowSwitcher] [INFO] HTTP connection established
2026-01-31 19:53:14,649 [WindowSwitcher] [INFO] Fetching monitor DPI information from ScreenAssign...
2026-01-31 19:53:14,656 [WindowSwitcher] [INFO] Fetched 2 monitors with DPI info
2026-01-31 19:53:14,656 [WindowSwitcher] [DEBUG]   Monitor monitor_8a45db70: pos=(-3840,0), size=(3840x2160), dpi_scale=2.25
2026-01-31 19:53:14,656 [WindowSwitcher] [DEBUG]   Monitor monitor_ac47373a: pos=(0,0), size=(1080x1920), dpi_scale=1.0
2026-01-31 19:53:14,658 [WindowSwitcher] [INFO] Cached 2 monitors locally
2026-01-31 19:53:17,380 [WindowSwitcher] [INFO] Using mouse position: -1687, 214
2026-01-31 19:53:17,381 [WindowSwitcher] [DEBUG] Found cached DPI for monitor: 2.25
2026-01-31 19:53:17,381 [WindowSwitcher] [INFO] POS_CALC: mouse=(-1687,214) monitor_1={pos=(-3840.0,0.0), size=(3840x2160)} window={logical=(720x420), actual=(1620x945), dpi_scale=2.25} final_pos=(-2730,607)
2026-01-31 19:53:17,385 [WindowSwitcher] [INFO] Fetched from cache in 6ms (cache age: 1878ms, windows: 5)
2026-01-31 19:53:17,411 [WindowSwitcher] [INFO] Window shown and positioned: calc=(-2730,607), actual_size=(720x420), final=(-2280,870)
2026-01-31 19:53:18,560 [WindowSwitcher] [INFO] Using mouse position: -1687, 214
2026-01-31 19:53:18,562 [WindowSwitcher] [DEBUG] Found cached DPI for monitor: 2.25
2026-01-31 19:53:18,562 [WindowSwitcher] [INFO] POS_CALC: mouse=(-1687,214) monitor_1={pos=(-3840.0,0.0), size=(3840x2160)} window={logical=(720x420), actual=(1620x945), dpi_scale=2.25} final_pos=(-2730,607)
2026-01-31 19:53:18,565 [WindowSwitcher] [INFO] Fetched from cache in 5ms (cache age: 1055ms, windows: 6)
2026-01-31 19:53:18,579 [WindowSwitcher] [INFO] Window shown and positioned: calc=(-2730,607), actual_size=(1620x945), final=(-2730,607)
2026-01-31 19:55:47,515 [WindowSwitcher] [INFO] === Logger initialized, writing to: C:\dev\mytools\screeny\logs\window_switcher_20260131.log ===
2026-01-31 19:55:47,515 [WindowSwitcher] [INFO] === Starting Window Switcher ===
2026-01-31 19:55:47,515 [WindowSwitcher] [INFO] Log file: C:\dev\mytools\screeny\logs\window_switcher_20260131.log
2026-01-31 19:55:47,515 [WindowSwitcher] [INFO] Pre-warming HTTP connection...
2026-01-31 19:55:47,525 [WindowSwitcher] [INFO] HTTP connection established
2026-01-31 19:55:47,527 [WindowSwitcher] [INFO] Fetching monitor DPI information from ScreenAssign...
2026-01-31 19:55:47,547 [WindowSwitcher] [INFO] Fetched 2 monitors with DPI info
2026-01-31 19:55:47,547 [WindowSwitcher] [DEBUG]   Monitor monitor_8a45db70: pos=(-3840,0), size=(3840x2160), dpi_scale=2.25
2026-01-31 19:55:47,547 [WindowSwitcher] [DEBUG]   Monitor monitor_ac47373a: pos=(0,0), size=(1080x1920), dpi_scale=1.0
2026-01-31 19:55:47,547 [WindowSwitcher] [INFO] Cached 2 monitors locally
2026-01-31 19:55:50,709 [WindowSwitcher] [INFO] Using mouse position: -900, 1068
2026-01-31 19:55:50,711 [WindowSwitcher] [DEBUG] Found cached DPI for monitor: 2.25
2026-01-31 19:55:50,711 [WindowSwitcher] [INFO] POS_CALC: mouse=(-900,1068) monitor_1={pos=(-3840.0,0.0), size=(3840x2160)} window={logical=(720x420), actual=(1620x945), dpi_scale=2.25} final_pos=(-2730,607)
2026-01-31 19:55:50,714 [WindowSwitcher] [INFO] Fetched from cache in 5ms (cache age: 849ms, windows: 6)
2026-01-31 19:55:50,735 [WindowSwitcher] [INFO] Window shown and positioned: calculated=(-2730,607), expected_size=(1620x945)
2026-01-31 19:55:51,917 [WindowSwitcher] [INFO] Using mouse position: -900, 1068
2026-01-31 19:55:51,918 [WindowSwitcher] [DEBUG] Found cached DPI for monitor: 2.25
2026-01-31 19:55:51,919 [WindowSwitcher] [INFO] POS_CALC: mouse=(-900,1068) monitor_1={pos=(-3840.0,0.0), size=(3840x2160)} window={logical=(720x420), actual=(1620x945), dpi_scale=2.25} final_pos=(-2730,607)
2026-01-31 19:55:51,922 [WindowSwitcher] [INFO] Fetched from cache in 5ms (cache age: 51ms, windows: 6)
2026-01-31 19:55:51,932 [WindowSwitcher] [INFO] Window shown and positioned: calculated=(-2730,607), expected_size=(1620x945)
2026-01-31 19:55:54,010 [WindowSwitcher] [INFO] Using mouse position: 668, 991
2026-01-31 19:55:54,012 [WindowSwitcher] [DEBUG] Found cached DPI for monitor: 1.0
2026-01-31 19:55:54,012 [WindowSwitcher] [INFO] POS_CALC: mouse=(668,991) monitor_0={pos=(0.0,0.0), size=(1080x1920)} window={logical=(720x420), actual=(720x420), dpi_scale=1.00} final_pos=(180,750)
2026-01-31 19:55:54,025 [WindowSwitcher] [INFO] Fetched from cache in 15ms (cache age: 151ms, windows: 6)
2026-01-31 19:55:54,045 [WindowSwitcher] [INFO] Window shown and positioned: calculated=(180,750), expected_size=(720x420)
2026-01-31 19:55:54,668 [WindowSwitcher] [INFO] Using mouse position: 672, 989
2026-01-31 19:55:54,669 [WindowSwitcher] [DEBUG] Found cached DPI for monitor: 1.0
2026-01-31 19:55:54,670 [WindowSwitcher] [INFO] POS_CALC: mouse=(672,989) monitor_0={pos=(0.0,0.0), size=(1080x1920)} window={logical=(720x420), actual=(720x420), dpi_scale=1.00} final_pos=(180,750)
2026-01-31 19:55:54,673 [WindowSwitcher] [INFO] Fetched from cache in 6ms (cache age: 800ms, windows: 6)
2026-01-31 19:55:54,686 [WindowSwitcher] [INFO] Window shown and positioned: calculated=(180,750), expected_size=(720x420)
