2026-02-07 12:41:22,466 [WindowSwitcher] [INFO] === Logger initialized, writing to: C:\dev\mytools\screeny\logs\window_switcher_20260207.log ===
2026-02-07 12:41:22,468 [WindowSwitcher] [INFO] === Starting Window Switcher ===
2026-02-07 12:41:22,468 [WindowSwitcher] [INFO] Log file: C:\dev\mytools\screeny\logs\window_switcher_20260207.log
2026-02-07 12:41:22,468 [WindowSwitcher] [INFO] Pre-warming HTTP connection...
2026-02-07 12:41:23,219 [WindowSwitcher] [INFO] HTTP connection established
2026-02-07 12:41:23,221 [WindowSwitcher] [INFO] Fetching monitor DPI information from ScreenAssign...
2026-02-07 12:41:23,227 [WindowSwitcher] [INFO] Fetched 2 monitors with DPI info
2026-02-07 12:41:23,227 [WindowSwitcher] [DEBUG]   Monitor monitor_4d1cb810: pos=(-3840,0), size=(3840x2160), dpi_scale=2.25
2026-02-07 12:41:23,229 [WindowSwitcher] [DEBUG]   Monitor monitor_77150378: pos=(0,0), size=(1080x1920), dpi_scale=1.0
2026-02-07 12:41:23,229 [WindowSwitcher] [INFO] Cached 2 monitors locally
2026-02-07 12:41:23,229 [WindowSwitcher.Commands] [INFO] CommandRegistry initialized
2026-02-07 12:41:23,230 [WindowSwitcher.Commands] [INFO] Registered command: /monitors
2026-02-07 12:41:23,230 [WindowSwitcher.Commands] [INFO] Built-in commands registered
2026-02-07 12:41:23,230 [WindowSwitcher] [INFO] Built-in commands registered
2026-02-07 16:01:27,804 [WindowSwitcher] [INFO] === Logger initialized, writing to: C:\dev\mytools\screeny\logs\window_switcher_20260207.log ===
2026-02-07 16:01:27,804 [WindowSwitcher] [INFO] === Starting Window Switcher ===
2026-02-07 16:01:27,806 [WindowSwitcher] [INFO] Log file: C:\dev\mytools\screeny\logs\window_switcher_20260207.log
2026-02-07 16:01:27,806 [WindowSwitcher] [INFO] Pre-warming HTTP connection...
2026-02-07 16:01:28,434 [WindowSwitcher] [INFO] HTTP connection established
2026-02-07 16:01:28,434 [WindowSwitcher] [INFO] Fetching monitor DPI information from ScreenAssign...
2026-02-07 16:01:28,443 [WindowSwitcher] [INFO] Fetched 1 monitors with DPI info
2026-02-07 16:01:28,443 [WindowSwitcher] [DEBUG]   Monitor monitor_755c2513: pos=(0,0), size=(1920x1080), dpi_scale=1.0
2026-02-07 16:01:28,444 [WindowSwitcher] [INFO] Cached 1 monitors locally
2026-02-07 16:01:28,445 [WindowSwitcher.Commands] [INFO] CommandRegistry initialized
2026-02-07 16:01:28,445 [WindowSwitcher.Commands] [INFO] Registered command: /monitors
2026-02-07 16:01:28,445 [WindowSwitcher.Commands] [INFO] Built-in commands registered
2026-02-07 16:01:28,445 [WindowSwitcher] [INFO] Built-in commands registered
2026-02-07 23:35:36,269 [WindowSwitcher] [INFO] Using mouse position: -3044, 750
2026-02-07 23:35:36,270 [WindowSwitcher] [INFO] POS_CALC: mouse=(-3044,750) monitor_1={pos=(-3840.0,0.0), size=(3840x2160)} window={logical=(720x420), actual=(720x420), dpi_scale=1.00} final_pos=(-2280,870)
2026-02-07 23:35:36,274 [WindowSwitcher] [INFO] Fetched from cache in 6ms (cache age: 848ms, windows: 8)
2026-02-07 23:35:36,493 [WindowSwitcher] [INFO] Window shown and positioned: calculated=(-2280,870), expected_size=(720x420)
